Using pre-set license
Built from '6000.0/staging' branch; Version is '6000.0.23f1 (1c4764c07fb4) revision 1853284'; Using compiler version '193933523'; Build Type 'Release'
OS: 'Windows 10  (10.0.19045) 64bit Professional' Language: 'en' Physical Memory: 16295 MB
BatchMode: 1, IsHumanControllingUs: 0, StartBugReporterOnCrash: 0, Is64bit: 1, IsPro: 1

COMMAND LINE ARGUMENTS:
C:\Program Files\Unity\Hub\Editor\6000.0.23f1\Editor\Unity.exe
-adb2
-batchMode
-noUpm
-name
AssetImportWorker0
-projectPath
C:/Users/Admin/Documents/TheBoilerRoomTest
-logFile
Logs/AssetImportWorker0.log
-srvPort
52400
-job-worker-count
5
-background-job-worker-count
8
-asset-garbage-collectors
1
Successfully changed project path to: C:/Users/Admin/Documents/TheBoilerRoomTest
C:/Users/Admin/Documents/TheBoilerRoomTest
[UnityMemory] Configuration Parameters - Can be set up in boot.config
    "memorysetup-bucket-allocator-granularity=16"
    "memorysetup-bucket-allocator-bucket-count=8"
    "memorysetup-bucket-allocator-block-size=33554432"
    "memorysetup-bucket-allocator-block-count=8"
    "memorysetup-main-allocator-block-size=16777216"
    "memorysetup-thread-allocator-block-size=16777216"
    "memorysetup-gfx-main-allocator-block-size=16777216"
    "memorysetup-gfx-thread-allocator-block-size=16777216"
    "memorysetup-cache-allocator-block-size=4194304"
    "memorysetup-typetree-allocator-block-size=2097152"
    "memorysetup-profiler-bucket-allocator-granularity=16"
    "memorysetup-profiler-bucket-allocator-bucket-count=8"
    "memorysetup-profiler-bucket-allocator-block-size=33554432"
    "memorysetup-profiler-bucket-allocator-block-count=8"
    "memorysetup-profiler-allocator-block-size=16777216"
    "memorysetup-profiler-editor-allocator-block-size=1048576"
    "memorysetup-temp-allocator-size-main=16777216"
    "memorysetup-job-temp-allocator-block-size=2097152"
    "memorysetup-job-temp-allocator-block-size-background=1048576"
    "memorysetup-job-temp-allocator-reduction-small-platforms=262144"
    "memorysetup-allocator-temp-initial-block-size-main=262144"
    "memorysetup-allocator-temp-initial-block-size-worker=262144"
    "memorysetup-temp-allocator-size-background-worker=32768"
    "memorysetup-temp-allocator-size-job-worker=262144"
    "memorysetup-temp-allocator-size-preload-manager=33554432"
    "memorysetup-temp-allocator-size-nav-mesh-worker=65536"
    "memorysetup-temp-allocator-size-audio-worker=65536"
    "memorysetup-temp-allocator-size-cloud-worker=32768"
    "memorysetup-temp-allocator-size-gi-baking-worker=262144"
    "memorysetup-temp-allocator-size-gi-baking-worker=262144"
    "memorysetup-temp-allocator-size-gi-baking-worker=262144"
    "memorysetup-temp-allocator-size-gi-baking-worker=262144"
    "memorysetup-temp-allocator-size-gi-baking-worker=262144"
    "memorysetup-temp-allocator-size-gfx=262144"
Player connection [18136]  Target information:

Player connection [18136]  * "[IP] 192.168.1.103 [Port] 0 [Flags] 2 [Guid] 1941775242 [EditorId] 1941775242 [Version] 1048832 [Id] WindowsEditor(7,DESKTOP-EQ55Q8H) [Debug] 1 [PackageName] WindowsEditor [ProjectName] Editor" 

Player connection [18136] Host joined multi-casting on [225.0.0.222:54997]...
Player connection [18136] Host joined alternative multi-casting on [225.0.0.222:34997]...
JobSystem: Creating JobQueue using job-worker-count value 5
[Physics::Module] Initialized fallback backend.
[Physics::Module] Id: 0xdecafbad
Library Redirect Path: Library/
[Physics::Module] Selected backend.
[Physics::Module] Name: PhysX
[Physics::Module] Id: 0xf2b8ea05
[Physics::Module] SDK Version: 4.1.2
[Physics::Module] Integration Version: 1.0.0
[Physics::Module] Threading Mode: Multi-Threaded
Refreshing native plugins compatible for Editor in 1.45 ms, found 3 plugins.
Preloading 0 native plugins for Editor in 0.00 ms.
Initialize engine version: 6000.0.23f1 (1c4764c07fb4)
[Subsystems] Discovering subsystems at path C:/Program Files/Unity/Hub/Editor/6000.0.23f1/Editor/Data/Resources/UnitySubsystems
[Subsystems] Discovering subsystems at path C:/Users/Admin/Documents/TheBoilerRoomTest/Assets
GfxDevice: creating device client; kGfxThreadingModeNonThreaded
Direct3D:
    Version:  Direct3D 11.0 [level 11.1]
    Renderer: NVIDIA GeForce GT 1030 (ID=0x1d01)
    Vendor:   NVIDIA
    VRAM:     1967 MB
    Driver:   32.0.15.6603
Initialize mono
Mono path[0] = 'C:/Program Files/Unity/Hub/Editor/6000.0.23f1/Editor/Data/Managed'
Mono path[1] = 'C:/Program Files/Unity/Hub/Editor/6000.0.23f1/Editor/Data/MonoBleedingEdge/lib/mono/unityjit-win32'
Mono config path = 'C:/Program Files/Unity/Hub/Editor/6000.0.23f1/Editor/Data/MonoBleedingEdge/etc'
Using monoOptions --debugger-agent=transport=dt_socket,embedding=1,server=y,suspend=n,address=127.0.0.1:56156
Begin MonoManager ReloadAssembly
Registering precompiled unity dll's ...
Register platform support module: C:/Program Files/Unity/Hub/Editor/6000.0.23f1/Editor/Data/PlaybackEngines/WebGLSupport/UnityEditor.WebGL.Extensions.dll
Register platform support module: C:/Program Files/Unity/Hub/Editor/6000.0.23f1/Editor/Data/PlaybackEngines/WindowsStandaloneSupport/UnityEditor.WindowsStandalone.Extensions.dll
Registered in 0.004247 seconds.
- Loaded All Assemblies, in  0.484 seconds
Native extension for WindowsStandalone target not found
Native extension for WebGL target not found
Mono: successfully reloaded assembly
- Finished resetting the current domain, in  0.376 seconds
Domain Reload Profiling: 858ms
	BeginReloadAssembly (164ms)
		ExecutionOrderSort (0ms)
		DisableScriptedObjects (0ms)
		BackupInstance (0ms)
		ReleaseScriptingObjects (0ms)
		CreateAndSetChildDomain (1ms)
	RebuildCommonClasses (48ms)
	RebuildNativeTypeToScriptingClass (14ms)
	initialDomainReloadingComplete (61ms)
	LoadAllAssembliesAndSetupDomain (193ms)
		LoadAssemblies (162ms)
		RebuildTransferFunctionScriptingTraits (0ms)
		AnalyzeDomain (189ms)
			TypeCache.Refresh (188ms)
				TypeCache.ScanAssembly (172ms)
			BuildScriptInfoCaches (0ms)
			ResolveRequiredComponents (1ms)
	FinalizeReload (377ms)
		ReleaseScriptCaches (0ms)
		RebuildScriptCaches (0ms)
		SetupLoadedEditorAssemblies (328ms)
			LogAssemblyErrors (0ms)
			InitializePlatformSupportModulesInManaged (32ms)
			SetLoadedEditorAssemblies (7ms)
			BeforeProcessingInitializeOnLoad (8ms)
			ProcessInitializeOnLoadAttributes (199ms)
			ProcessInitializeOnLoadMethodAttributes (76ms)
			AfterProcessingInitializeOnLoad (6ms)
			EditorAssembliesLoaded (0ms)
		ExecutionOrderSort2 (0ms)
		AwakeInstancesAfterBackupRestoration (0ms)
========================================================================
Worker process is ready to serve import requests
Import Worker Mode flag is 0x00
Begin MonoManager ReloadAssembly
- Loaded All Assemblies, in  1.222 seconds
Refreshing native plugins compatible for Editor in 0.96 ms, found 3 plugins.
Native extension for WindowsStandalone target not found
Native extension for WebGL target not found
Mono: successfully reloaded assembly
- Finished resetting the current domain, in  0.989 seconds
Domain Reload Profiling: 2208ms
	BeginReloadAssembly (490ms)
		ExecutionOrderSort (0ms)
		DisableScriptedObjects (8ms)
		BackupInstance (0ms)
		ReleaseScriptingObjects (0ms)
		CreateAndSetChildDomain (45ms)
	RebuildCommonClasses (45ms)
	RebuildNativeTypeToScriptingClass (15ms)
	initialDomainReloadingComplete (50ms)
	LoadAllAssembliesAndSetupDomain (619ms)
		LoadAssemblies (458ms)
		RebuildTransferFunctionScriptingTraits (0ms)
		AnalyzeDomain (291ms)
			TypeCache.Refresh (224ms)
				TypeCache.ScanAssembly (200ms)
			BuildScriptInfoCaches (57ms)
			ResolveRequiredComponents (6ms)
	FinalizeReload (989ms)
		ReleaseScriptCaches (0ms)
		RebuildScriptCaches (0ms)
		SetupLoadedEditorAssemblies (750ms)
			LogAssemblyErrors (0ms)
			InitializePlatformSupportModulesInManaged (4ms)
			SetLoadedEditorAssemblies (7ms)
			BeforeProcessingInitializeOnLoad (98ms)
			ProcessInitializeOnLoadAttributes (597ms)
			ProcessInitializeOnLoadMethodAttributes (33ms)
			AfterProcessingInitializeOnLoad (11ms)
			EditorAssembliesLoaded (0ms)
		ExecutionOrderSort2 (0ms)
		AwakeInstancesAfterBackupRestoration (7ms)
Launched and connected shader compiler UnityShaderCompiler.exe after 0.01 seconds
Refreshing native plugins compatible for Editor in 1.31 ms, found 3 plugins.
Preloading 0 native plugins for Editor in 0.00 ms.
Unloading 9 Unused Serialized files (Serialized files now loaded: 0)
Unloading 3656 unused Assets / (1.3 MB). Loaded Objects now: 4240.
Memory consumption went from 112.0 MB to 110.6 MB.
Total: 11.671200 ms (FindLiveObjects: 0.567100 ms CreateObjectMapping: 0.563000 ms MarkObjects: 8.709800 ms  DeleteObjects: 1.829600 ms)

========================================================================
Received Import Request.
  Time since last request: 4860.134640 seconds.
  path: Assets/InputSystem_Actions.inputactions
  artifactKey: Guid(289c1b55c9541489481df5cc06664110) Importer(815301076,1909f56bfc062723c751e8b465ee728b)
Start importing Assets/InputSystem_Actions.inputactions using Guid(289c1b55c9541489481df5cc06664110) Importer(815301076,1909f56bfc062723c751e8b465ee728b) (PreviewImporter) -> (artifact id: 'e7e9e64a58fecfdcde77304e1331e7f3') in 0.0305504 seconds
Number of updated asset objects reloaded before import = 0Number of asset objects unloaded after import = 20

========================================================================
Received Import Request.
  Time since last request: 372.546261 seconds.
  path: Assets/1.1
  artifactKey: Guid(8c0e15318454ae74e9d31655fc0123ae) Importer(815301076,1909f56bfc062723c751e8b465ee728b)
Start importing Assets/1.1 using Guid(8c0e15318454ae74e9d31655fc0123ae) Importer(815301076,1909f56bfc062723c751e8b465ee728b) (PreviewImporter) -> (artifact id: '40fad71899bb17cc16bbd45ad5ada925') in 0.0005942 seconds
Number of updated asset objects reloaded before import = 0Number of asset objects unloaded after import = 0

========================================================================
Received Import Request.
  Time since last request: 3.422723 seconds.
  path: Assets
  artifactKey: Guid(00000000000000001000000000000000) Importer(815301076,1909f56bfc062723c751e8b465ee728b)
Start importing Assets using Guid(00000000000000001000000000000000) Importer(815301076,1909f56bfc062723c751e8b465ee728b) (PreviewImporter) -> (artifact id: 'c391582d739b6e62a5220f35cbb167ac') in 0.0004366 seconds
Number of updated asset objects reloaded before import = 0Number of asset objects unloaded after import = 0

========================================================================
Received Import Request.
  Time since last request: 604.634146 seconds.
  path: Assets/1.2
  artifactKey: Guid(2134989cb693d15488eb17e9207fc1d8) Importer(815301076,1909f56bfc062723c751e8b465ee728b)
Start importing Assets/1.2 using Guid(2134989cb693d15488eb17e9207fc1d8) Importer(815301076,1909f56bfc062723c751e8b465ee728b) (PreviewImporter) -> (artifact id: 'e33bbe988d31ef270c0c52ed365012ce') in 0.0006807 seconds
Number of updated asset objects reloaded before import = 0Number of asset objects unloaded after import = 0

========================================================================
Received Import Request.
  Time since last request: 5.340164 seconds.
  path: Assets/1.2/1.3
  artifactKey: Guid(ce98daa4d6e423545b6b79ce624066ee) Importer(815301076,1909f56bfc062723c751e8b465ee728b)
Start importing Assets/1.2/1.3 using Guid(ce98daa4d6e423545b6b79ce624066ee) Importer(815301076,1909f56bfc062723c751e8b465ee728b) (PreviewImporter) -> (artifact id: 'fe07612f684311a9f47cd1fe746bbd5e') in 0.0004623 seconds
Number of updated asset objects reloaded before import = 0Number of asset objects unloaded after import = 0

========================================================================
Received Import Request.
  Time since last request: 14.969157 seconds.
  path: Assets/1.2/1
  artifactKey: Guid(d94745302767ac743a2a3c2ab6ee7b0e) Importer(815301076,1909f56bfc062723c751e8b465ee728b)
Start importing Assets/1.2/1 using Guid(d94745302767ac743a2a3c2ab6ee7b0e) Importer(815301076,1909f56bfc062723c751e8b465ee728b) (PreviewImporter) -> (artifact id: 'c0092653fb10d295f9443f381876b2d6') in 0.0004649 seconds
Number of updated asset objects reloaded before import = 0Number of asset objects unloaded after import = 0

========================================================================
Received Import Request.
  Time since last request: 21.018461 seconds.
  path: Assets/1/1.4
  artifactKey: Guid(6d0e23de79e79d64eb22198801d04dbb) Importer(815301076,1909f56bfc062723c751e8b465ee728b)
Start importing Assets/1/1.4 using Guid(6d0e23de79e79d64eb22198801d04dbb) Importer(815301076,1909f56bfc062723c751e8b465ee728b) (PreviewImporter) -> (artifact id: '0383c015048fe620e21c1b47d9a78923') in 0.0006543 seconds
Number of updated asset objects reloaded before import = 0Number of asset objects unloaded after import = 0

========================================================================
Received Import Request.
  Time since last request: 5.502720 seconds.
  path: Assets/2
  artifactKey: Guid(d4a78c1d5d60acb4fbef323b6253fc58) Importer(815301076,1909f56bfc062723c751e8b465ee728b)
Start importing Assets/2 using Guid(d4a78c1d5d60acb4fbef323b6253fc58) Importer(815301076,1909f56bfc062723c751e8b465ee728b) (PreviewImporter) -> (artifact id: 'ca9e39f885ab5bc2a70e1c7695922ec3') in 0.0004617 seconds
Number of updated asset objects reloaded before import = 0Number of asset objects unloaded after import = 0

========================================================================
Received Import Request.
  Time since last request: 4.794688 seconds.
  path: Assets/2/2.1
  artifactKey: Guid(ffffdfcb95fb3a740a07e3d431da3135) Importer(815301076,1909f56bfc062723c751e8b465ee728b)
Start importing Assets/2/2.1 using Guid(ffffdfcb95fb3a740a07e3d431da3135) Importer(815301076,1909f56bfc062723c751e8b465ee728b) (PreviewImporter) -> (artifact id: '7b5f1ace2b3844e79243e298df7654f1') in 0.000459 seconds
Number of updated asset objects reloaded before import = 0Number of asset objects unloaded after import = 0

========================================================================
Received Import Request.
  Time since last request: 5.774338 seconds.
  path: Assets/2/2.2
  artifactKey: Guid(0e3c2ac205d073c40afe37f871900044) Importer(815301076,1909f56bfc062723c751e8b465ee728b)
Start importing Assets/2/2.2 using Guid(0e3c2ac205d073c40afe37f871900044) Importer(815301076,1909f56bfc062723c751e8b465ee728b) (PreviewImporter) -> (artifact id: 'd2707f49c126b602adaa4d1f3e9aa97a') in 0.0004787 seconds
Number of updated asset objects reloaded before import = 0Number of asset objects unloaded after import = 0

========================================================================
Received Import Request.
  Time since last request: 5.162548 seconds.
  path: Assets/2/2.3
  artifactKey: Guid(313367924725701499abfe3591ceb662) Importer(815301076,1909f56bfc062723c751e8b465ee728b)
Start importing Assets/2/2.3 using Guid(313367924725701499abfe3591ceb662) Importer(815301076,1909f56bfc062723c751e8b465ee728b) (PreviewImporter) -> (artifact id: '7168ca2c0ff6c87d018f2e7b830e5538') in 0.0004623 seconds
Number of updated asset objects reloaded before import = 0Number of asset objects unloaded after import = 0

========================================================================
Received Import Request.
  Time since last request: 14.913084 seconds.
  path: Assets/3
  artifactKey: Guid(ffcd4d6dc2037474da4512d22fb8ad37) Importer(815301076,1909f56bfc062723c751e8b465ee728b)
Start importing Assets/3 using Guid(ffcd4d6dc2037474da4512d22fb8ad37) Importer(815301076,1909f56bfc062723c751e8b465ee728b) (PreviewImporter) -> (artifact id: '685496486a4f8b1a903c5fabebf5fd40') in 0.0005057 seconds
Number of updated asset objects reloaded before import = 0Number of asset objects unloaded after import = 0

========================================================================
Received Import Request.
  Time since last request: 6.178116 seconds.
  path: Assets/3/3.1
  artifactKey: Guid(d7af8edb7e064434f9f0a54654d20880) Importer(815301076,1909f56bfc062723c751e8b465ee728b)
Start importing Assets/3/3.1 using Guid(d7af8edb7e064434f9f0a54654d20880) Importer(815301076,1909f56bfc062723c751e8b465ee728b) (PreviewImporter) -> (artifact id: '793b70660d9b104f3c99d0cf2b75a881') in 0.0004737 seconds
Number of updated asset objects reloaded before import = 0Number of asset objects unloaded after import = 0

========================================================================
Received Import Request.
  Time since last request: 4.018346 seconds.
  path: Assets/3/3.1/3.2
  artifactKey: Guid(ee9353118513fda4b830fb73ed48fb81) Importer(815301076,1909f56bfc062723c751e8b465ee728b)
Start importing Assets/3/3.1/3.2 using Guid(ee9353118513fda4b830fb73ed48fb81) Importer(815301076,1909f56bfc062723c751e8b465ee728b) (PreviewImporter) -> (artifact id: 'b5b0793bf381c8a9612ffcc1ee683ae5') in 0.00046 seconds
Number of updated asset objects reloaded before import = 0Number of asset objects unloaded after import = 0

========================================================================
Received Import Request.
  Time since last request: 4.180782 seconds.
  path: Assets/3/3.1/3.2/3.3
  artifactKey: Guid(c465dbda335076644b0c417827c84f44) Importer(815301076,1909f56bfc062723c751e8b465ee728b)
Start importing Assets/3/3.1/3.2/3.3 using Guid(c465dbda335076644b0c417827c84f44) Importer(815301076,1909f56bfc062723c751e8b465ee728b) (PreviewImporter) -> (artifact id: 'e4fe68004112d9c0265e2f002ab2a1ac') in 0.0004492 seconds
Number of updated asset objects reloaded before import = 0Number of asset objects unloaded after import = 0

========================================================================
Received Import Request.
  Time since last request: 17.120059 seconds.
  path: Assets/4
  artifactKey: Guid(3d12a374f502a2b4183c341fa599eb60) Importer(815301076,1909f56bfc062723c751e8b465ee728b)
Start importing Assets/4 using Guid(3d12a374f502a2b4183c341fa599eb60) Importer(815301076,1909f56bfc062723c751e8b465ee728b) (PreviewImporter) -> (artifact id: '430f9d0bd6c943e8616116f5e34f5830') in 0.0004549 seconds
Number of updated asset objects reloaded before import = 0Number of asset objects unloaded after import = 0

========================================================================
Received Import Request.
  Time since last request: 7.063237 seconds.
  path: Assets/4/4.1
  artifactKey: Guid(ef815a6a1a7bf8c4caef7b021614fd98) Importer(815301076,1909f56bfc062723c751e8b465ee728b)
Start importing Assets/4/4.1 using Guid(ef815a6a1a7bf8c4caef7b021614fd98) Importer(815301076,1909f56bfc062723c751e8b465ee728b) (PreviewImporter) -> (artifact id: 'e308cec12b6b17a7eccf451aa22ac917') in 0.0005725 seconds
Number of updated asset objects reloaded before import = 0Number of asset objects unloaded after import = 0

========================================================================
Received Import Request.
  Time since last request: 2.896140 seconds.
  path: Assets/4/4.1/4.2
  artifactKey: Guid(3690aed38da64c54e92fa7274def4e7e) Importer(815301076,1909f56bfc062723c751e8b465ee728b)
Start importing Assets/4/4.1/4.2 using Guid(3690aed38da64c54e92fa7274def4e7e) Importer(815301076,1909f56bfc062723c751e8b465ee728b) (PreviewImporter) -> (artifact id: '880126813d539391c9a5c55ffb94ab42') in 0.0006363 seconds
Number of updated asset objects reloaded before import = 0Number of asset objects unloaded after import = 0

========================================================================
Received Import Request.
  Time since last request: 12.560135 seconds.
  path: Assets/5
  artifactKey: Guid(ac54e267a106ae04a8491117acaf0a28) Importer(815301076,1909f56bfc062723c751e8b465ee728b)
Start importing Assets/5 using Guid(ac54e267a106ae04a8491117acaf0a28) Importer(815301076,1909f56bfc062723c751e8b465ee728b) (PreviewImporter) -> (artifact id: 'd100da6f7a00c3e1e724d8cbbe4b2422') in 0.0005093 seconds
Number of updated asset objects reloaded before import = 0Number of asset objects unloaded after import = 0

========================================================================
Received Import Request.
  Time since last request: 257.090564 seconds.
  path: Assets/1/1.1/1.1.txt
  artifactKey: Guid(08cf605f09669d543a60c5992b1c3e34) Importer(815301076,1909f56bfc062723c751e8b465ee728b)
Start importing Assets/1/1.1/1.1.txt using Guid(08cf605f09669d543a60c5992b1c3e34) Importer(815301076,1909f56bfc062723c751e8b465ee728b) (PreviewImporter) -> (artifact id: 'dc7f1f30025ab2049281d1b3ab02b2f8') in 0.0012679 seconds
Number of updated asset objects reloaded before import = 0Number of asset objects unloaded after import = 1

========================================================================
Received Import Request.
  Time since last request: 36.810699 seconds.
  path: Assets/1/1.1/1.1.txt
  artifactKey: Guid(08cf605f09669d543a60c5992b1c3e34) Importer(815301076,1909f56bfc062723c751e8b465ee728b)
Start importing Assets/1/1.1/1.1.txt using Guid(08cf605f09669d543a60c5992b1c3e34) Importer(815301076,1909f56bfc062723c751e8b465ee728b) (PreviewImporter) -> (artifact id: '59efadb982e9d0fb7f76752f109607ae') in 0.0008822 seconds
Number of updated asset objects reloaded before import = 0Number of asset objects unloaded after import = 1

========================================================================
Received Import Request.
  Time since last request: 21.020969 seconds.
  path: Assets/1/1.4/1.4.txt
  artifactKey: Guid(f3c16d816de037c4f8641701256914ef) Importer(815301076,1909f56bfc062723c751e8b465ee728b)
Start importing Assets/1/1.4/1.4.txt using Guid(f3c16d816de037c4f8641701256914ef) Importer(815301076,1909f56bfc062723c751e8b465ee728b) (PreviewImporter) -> (artifact id: '54e5a18d4f3567144ab3cf0049bb14ab') in 0.0009604 seconds
Number of updated asset objects reloaded before import = 0Number of asset objects unloaded after import = 1

========================================================================
Received Import Request.
  Time since last request: 5.449925 seconds.
  path: Assets/1/1.4/1.4.txt
  artifactKey: Guid(f3c16d816de037c4f8641701256914ef) Importer(815301076,1909f56bfc062723c751e8b465ee728b)
Start importing Assets/1/1.4/1.4.txt using Guid(f3c16d816de037c4f8641701256914ef) Importer(815301076,1909f56bfc062723c751e8b465ee728b) (PreviewImporter) -> (artifact id: 'b61f68c69e9951d3c8cf878d40b03978') in 0.0009478 seconds
Number of updated asset objects reloaded before import = 0Number of asset objects unloaded after import = 1

========================================================================
Received Import Request.
  Time since last request: 4.699320 seconds.
  path: Assets/2/2.1/2.1.txt
  artifactKey: Guid(e1a394b98eed6924eb6f30d4bab14010) Importer(815301076,1909f56bfc062723c751e8b465ee728b)
Start importing Assets/2/2.1/2.1.txt using Guid(e1a394b98eed6924eb6f30d4bab14010) Importer(815301076,1909f56bfc062723c751e8b465ee728b) (PreviewImporter) -> (artifact id: '835a6b7511b83f8f56b4f0bb177ad913') in 0.001031 seconds
Number of updated asset objects reloaded before import = 0Number of asset objects unloaded after import = 1

========================================================================
Received Import Request.
  Time since last request: 46.063641 seconds.
  path: Assets/1/1.2/_scripts
  artifactKey: Guid(a162e9a9077c55540a369ccf1ab0c15b) Importer(815301076,1909f56bfc062723c751e8b465ee728b)
Start importing Assets/1/1.2/_scripts using Guid(a162e9a9077c55540a369ccf1ab0c15b) Importer(815301076,1909f56bfc062723c751e8b465ee728b) (PreviewImporter) -> (artifact id: '22a78d15e4c9f7f93e887c1a41859456') in 0.000506 seconds
Number of updated asset objects reloaded before import = 0Number of asset objects unloaded after import = 0

========================================================================
Received Import Request.
  Time since last request: 11.008975 seconds.
  path: Assets/1/1.2/_Scripts
  artifactKey: Guid(a162e9a9077c55540a369ccf1ab0c15b) Importer(815301076,1909f56bfc062723c751e8b465ee728b)
Start importing Assets/1/1.2/_Scripts using Guid(a162e9a9077c55540a369ccf1ab0c15b) Importer(815301076,1909f56bfc062723c751e8b465ee728b) (PreviewImporter) -> (artifact id: '603a872516a1fb432f7b9a6e52f02ab4') in 0.0004615 seconds
Number of updated asset objects reloaded before import = 0Number of asset objects unloaded after import = 0

========================================================================
Received Prepare
Refreshing native plugins compatible for Editor in 1.69 ms, found 3 plugins.
Preloading 0 native plugins for Editor in 0.00 ms.
Unloading 0 Unused Serialized files (Serialized files now loaded: 0)
Unloading 3648 unused Assets / (1.0 MB). Loaded Objects now: 4244.
Memory consumption went from 108.6 MB to 107.6 MB.
Total: 13.285700 ms (FindLiveObjects: 0.565300 ms CreateObjectMapping: 0.675100 ms MarkObjects: 10.048400 ms  DeleteObjects: 1.995300 ms)

Prepare: number of updated asset objects reloaded= 0
========================================================================
Received Import Request.
  Time since last request: 9.490890 seconds.
  path: Assets/1/1.2/_Scripts/Main.cs
  artifactKey: Guid(710cdf133691f194e890978dea8a1393) Importer(815301076,1909f56bfc062723c751e8b465ee728b)
Start importing Assets/1/1.2/_Scripts/Main.cs using Guid(710cdf133691f194e890978dea8a1393) Importer(815301076,1909f56bfc062723c751e8b465ee728b) (PreviewImporter) -> (artifact id: '8855fd7765330be3b7984648ab5cb3ac') in 0.0008703 seconds
Number of updated asset objects reloaded before import = 0Number of asset objects unloaded after import = 0

========================================================================
Received Prepare
Begin MonoManager ReloadAssembly
- Loaded All Assemblies, in  1.031 seconds
Refreshing native plugins compatible for Editor in 1.12 ms, found 3 plugins.
Native extension for WindowsStandalone target not found
Native extension for WebGL target not found
Mono: successfully reloaded assembly
- Finished resetting the current domain, in  0.916 seconds
Domain Reload Profiling: 1937ms
	BeginReloadAssembly (278ms)
		ExecutionOrderSort (0ms)
		DisableScriptedObjects (7ms)
		BackupInstance (0ms)
		ReleaseScriptingObjects (0ms)
		CreateAndSetChildDomain (56ms)
	RebuildCommonClasses (46ms)
	RebuildNativeTypeToScriptingClass (24ms)
	initialDomainReloadingComplete (51ms)
	LoadAllAssembliesAndSetupDomain (621ms)
		LoadAssemblies (582ms)
		RebuildTransferFunctionScriptingTraits (0ms)
		AnalyzeDomain (198ms)
			TypeCache.Refresh (16ms)
				TypeCache.ScanAssembly (0ms)
			BuildScriptInfoCaches (173ms)
			ResolveRequiredComponents (6ms)
	FinalizeReload (917ms)
		ReleaseScriptCaches (0ms)
		RebuildScriptCaches (0ms)
		SetupLoadedEditorAssemblies (675ms)
			LogAssemblyErrors (0ms)
			InitializePlatformSupportModulesInManaged (4ms)
			SetLoadedEditorAssemblies (5ms)
			BeforeProcessingInitializeOnLoad (102ms)
			ProcessInitializeOnLoadAttributes (528ms)
			ProcessInitializeOnLoadMethodAttributes (26ms)
			AfterProcessingInitializeOnLoad (10ms)
			EditorAssembliesLoaded (0ms)
		ExecutionOrderSort2 (0ms)
		AwakeInstancesAfterBackupRestoration (6ms)
Refreshing native plugins compatible for Editor in 1.16 ms, found 3 plugins.
Preloading 0 native plugins for Editor in 0.00 ms.
Unloading 1 Unused Serialized files (Serialized files now loaded: 0)
Unloading 3655 unused Assets / (1.1 MB). Loaded Objects now: 4245.
Memory consumption went from 110.2 MB to 109.1 MB.
Total: 7.048600 ms (FindLiveObjects: 0.494800 ms CreateObjectMapping: 0.490200 ms MarkObjects: 4.578000 ms  DeleteObjects: 1.484400 ms)

Prepare: number of updated asset objects reloaded= 0
========================================================================
Received Import Request.
  Time since last request: 16.655305 seconds.
  path: Assets/1/1.2/_Scripts/Main.cs
  artifactKey: Guid(710cdf133691f194e890978dea8a1393) Importer(815301076,1909f56bfc062723c751e8b465ee728b)
Start importing Assets/1/1.2/_Scripts/Main.cs using Guid(710cdf133691f194e890978dea8a1393) Importer(815301076,1909f56bfc062723c751e8b465ee728b) (PreviewImporter) -> (artifact id: 'd973c26a7d56b67a49de6113e80c92ef') in 0.0030762 seconds
Number of updated asset objects reloaded before import = 0Number of asset objects unloaded after import = 0

