Using pre-set license
Built from '6000.0/staging' branch; Version is '6000.0.23f1 (1c4764c07fb4) revision 1853284'; Using compiler version '193933523'; Build Type 'Release'
OS: 'Windows 10  (10.0.19045) 64bit Professional' Language: 'en' Physical Memory: 16295 MB
BatchMode: 1, IsHumanControllingUs: 0, StartBugReporterOnCrash: 0, Is64bit: 1, IsPro: 1

COMMAND LINE ARGUMENTS:
C:\Program Files\Unity\Hub\Editor\6000.0.23f1\Editor\Unity.exe
-adb2
-batchMode
-noUpm
-name
AssetImportWorker0
-projectPath
C:/Users/Admin/Documents/UNITY/TheBoilerRoomTest
-logFile
Logs/AssetImportWorker0.log
-srvPort
54113
-job-worker-count
5
-background-job-worker-count
8
-asset-garbage-collectors
1
Successfully changed project path to: C:/Users/Admin/Documents/UNITY/TheBoilerRoomTest
C:/Users/Admin/Documents/UNITY/TheBoilerRoomTest
[UnityMemory] Configuration Parameters - Can be set up in boot.config
    "memorysetup-bucket-allocator-granularity=16"
    "memorysetup-bucket-allocator-bucket-count=8"
    "memorysetup-bucket-allocator-block-size=33554432"
    "memorysetup-bucket-allocator-block-count=8"
    "memorysetup-main-allocator-block-size=16777216"
    "memorysetup-thread-allocator-block-size=16777216"
    "memorysetup-gfx-main-allocator-block-size=16777216"
    "memorysetup-gfx-thread-allocator-block-size=16777216"
    "memorysetup-cache-allocator-block-size=4194304"
    "memorysetup-typetree-allocator-block-size=2097152"
    "memorysetup-profiler-bucket-allocator-granularity=16"
    "memorysetup-profiler-bucket-allocator-bucket-count=8"
    "memorysetup-profiler-bucket-allocator-block-size=33554432"
    "memorysetup-profiler-bucket-allocator-block-count=8"
    "memorysetup-profiler-allocator-block-size=16777216"
    "memorysetup-profiler-editor-allocator-block-size=1048576"
    "memorysetup-temp-allocator-size-main=16777216"
    "memorysetup-job-temp-allocator-block-size=2097152"
    "memorysetup-job-temp-allocator-block-size-background=1048576"
    "memorysetup-job-temp-allocator-reduction-small-platforms=262144"
    "memorysetup-allocator-temp-initial-block-size-main=262144"
    "memorysetup-allocator-temp-initial-block-size-worker=262144"
    "memorysetup-temp-allocator-size-background-worker=32768"
    "memorysetup-temp-allocator-size-job-worker=262144"
    "memorysetup-temp-allocator-size-preload-manager=33554432"
    "memorysetup-temp-allocator-size-nav-mesh-worker=65536"
    "memorysetup-temp-allocator-size-audio-worker=65536"
    "memorysetup-temp-allocator-size-cloud-worker=32768"
    "memorysetup-temp-allocator-size-gi-baking-worker=262144"
    "memorysetup-temp-allocator-size-gi-baking-worker=262144"
    "memorysetup-temp-allocator-size-gi-baking-worker=262144"
    "memorysetup-temp-allocator-size-gi-baking-worker=262144"
    "memorysetup-temp-allocator-size-gi-baking-worker=262144"
    "memorysetup-temp-allocator-size-gfx=262144"
Player connection [16224]  Target information:

Player connection [16224]  * "[IP] 192.168.1.103 [Port] 0 [Flags] 2 [Guid] 174142387 [EditorId] 174142387 [Version] 1048832 [Id] WindowsEditor(7,DESKTOP-EQ55Q8H) [Debug] 1 [PackageName] WindowsEditor [ProjectName] Editor" 

Player connection [16224] Host joined multi-casting on [225.0.0.222:54997]...
Player connection [16224] Host joined alternative multi-casting on [225.0.0.222:34997]...
JobSystem: Creating JobQueue using job-worker-count value 5
[Physics::Module] Initialized fallback backend.
[Physics::Module] Id: 0xdecafbad
Library Redirect Path: Library/
[Physics::Module] Selected backend.
[Physics::Module] Name: PhysX
[Physics::Module] Id: 0xf2b8ea05
[Physics::Module] SDK Version: 4.1.2
[Physics::Module] Integration Version: 1.0.0
[Physics::Module] Threading Mode: Multi-Threaded
Refreshing native plugins compatible for Editor in 3.72 ms, found 4 plugins.
Preloading 0 native plugins for Editor in 0.00 ms.
Initialize engine version: 6000.0.23f1 (1c4764c07fb4)
[Subsystems] Discovering subsystems at path C:/Program Files/Unity/Hub/Editor/6000.0.23f1/Editor/Data/Resources/UnitySubsystems
[Subsystems] Discovering subsystems at path C:/Users/Admin/Documents/UNITY/TheBoilerRoomTest/Assets
GfxDevice: creating device client; kGfxThreadingModeNonThreaded
Direct3D:
    Version:  Direct3D 11.0 [level 11.1]
    Renderer: NVIDIA GeForce GT 1030 (ID=0x1d01)
    Vendor:   NVIDIA
    VRAM:     1967 MB
    Driver:   32.0.15.6603
Initialize mono
Mono path[0] = 'C:/Program Files/Unity/Hub/Editor/6000.0.23f1/Editor/Data/Managed'
Mono path[1] = 'C:/Program Files/Unity/Hub/Editor/6000.0.23f1/Editor/Data/MonoBleedingEdge/lib/mono/unityjit-win32'
Mono config path = 'C:/Program Files/Unity/Hub/Editor/6000.0.23f1/Editor/Data/MonoBleedingEdge/etc'
Using monoOptions --debugger-agent=transport=dt_socket,embedding=1,server=y,suspend=n,address=127.0.0.1:56288
Begin MonoManager ReloadAssembly
Registering precompiled unity dll's ...
Register platform support module: C:/Program Files/Unity/Hub/Editor/6000.0.23f1/Editor/Data/PlaybackEngines/WebGLSupport/UnityEditor.WebGL.Extensions.dll
Register platform support module: C:/Program Files/Unity/Hub/Editor/6000.0.23f1/Editor/Data/PlaybackEngines/WindowsStandaloneSupport/UnityEditor.WindowsStandalone.Extensions.dll
Registered in 0.004705 seconds.
- Loaded All Assemblies, in  0.478 seconds
Native extension for WindowsStandalone target not found
Native extension for WebGL target not found
Mono: successfully reloaded assembly
- Finished resetting the current domain, in  0.419 seconds
Domain Reload Profiling: 895ms
	BeginReloadAssembly (170ms)
		ExecutionOrderSort (0ms)
		DisableScriptedObjects (0ms)
		BackupInstance (0ms)
		ReleaseScriptingObjects (0ms)
		CreateAndSetChildDomain (1ms)
	RebuildCommonClasses (41ms)
	RebuildNativeTypeToScriptingClass (14ms)
	initialDomainReloadingComplete (62ms)
	LoadAllAssembliesAndSetupDomain (188ms)
		LoadAssemblies (168ms)
		RebuildTransferFunctionScriptingTraits (0ms)
		AnalyzeDomain (184ms)
			TypeCache.Refresh (182ms)
				TypeCache.ScanAssembly (165ms)
			BuildScriptInfoCaches (0ms)
			ResolveRequiredComponents (0ms)
	FinalizeReload (420ms)
		ReleaseScriptCaches (0ms)
		RebuildScriptCaches (0ms)
		SetupLoadedEditorAssemblies (370ms)
			LogAssemblyErrors (0ms)
			InitializePlatformSupportModulesInManaged (35ms)
			SetLoadedEditorAssemblies (6ms)
			BeforeProcessingInitializeOnLoad (8ms)
			ProcessInitializeOnLoadAttributes (220ms)
			ProcessInitializeOnLoadMethodAttributes (87ms)
			AfterProcessingInitializeOnLoad (16ms)
			EditorAssembliesLoaded (0ms)
		ExecutionOrderSort2 (0ms)
		AwakeInstancesAfterBackupRestoration (0ms)
========================================================================
Worker process is ready to serve import requests
Import Worker Mode flag is 0x00
Begin MonoManager ReloadAssembly
- Loaded All Assemblies, in  1.161 seconds
Refreshing native plugins compatible for Editor in 2.51 ms, found 4 plugins.
Native extension for WindowsStandalone target not found
Native extension for WebGL target not found
Package Manager log level set to [2]
[Package Manager] Failed to launch server process. Reason: Unity was launched with the -noUpm command-line argument
[Package Manager] Unable to send message (not connected to server process).
[Package Manager] Cannot connect to Unity Package Manager local server
Mono: successfully reloaded assembly
[Package Manager] Failed to launch server process. Reason: Unity was launched with the -noUpm command-line argument
[Package Manager] Unable to send message (not connected to server process).
[Package Manager] Cannot connect to Unity Package Manager local server
[Package Manager] Failed to launch server process. Reason: Unity was launched with the -noUpm command-line argument
[Package Manager] Unable to send message (not connected to server process).
[Package Manager] Cannot connect to Unity Package Manager local server
- Finished resetting the current domain, in  0.955 seconds
Domain Reload Profiling: 2112ms
	BeginReloadAssembly (461ms)
		ExecutionOrderSort (0ms)
		DisableScriptedObjects (7ms)
		BackupInstance (0ms)
		ReleaseScriptingObjects (0ms)
		CreateAndSetChildDomain (43ms)
	RebuildCommonClasses (42ms)
	RebuildNativeTypeToScriptingClass (14ms)
	initialDomainReloadingComplete (44ms)
	LoadAllAssembliesAndSetupDomain (595ms)
		LoadAssemblies (449ms)
		RebuildTransferFunctionScriptingTraits (0ms)
		AnalyzeDomain (279ms)
			TypeCache.Refresh (205ms)
				TypeCache.ScanAssembly (181ms)
			BuildScriptInfoCaches (62ms)
			ResolveRequiredComponents (9ms)
	FinalizeReload (955ms)
		ReleaseScriptCaches (0ms)
		RebuildScriptCaches (0ms)
		SetupLoadedEditorAssemblies (720ms)
			LogAssemblyErrors (0ms)
			InitializePlatformSupportModulesInManaged (3ms)
			SetLoadedEditorAssemblies (7ms)
			BeforeProcessingInitializeOnLoad (118ms)
			ProcessInitializeOnLoadAttributes (555ms)
			ProcessInitializeOnLoadMethodAttributes (26ms)
			AfterProcessingInitializeOnLoad (10ms)
			EditorAssembliesLoaded (0ms)
		ExecutionOrderSort2 (0ms)
		AwakeInstancesAfterBackupRestoration (6ms)
Launched and connected shader compiler UnityShaderCompiler.exe after 0.01 seconds
Refreshing native plugins compatible for Editor in 2.58 ms, found 4 plugins.
Preloading 0 native plugins for Editor in 0.00 ms.
Unloading 9 Unused Serialized files (Serialized files now loaded: 0)
Unloading 4559 unused Assets / (1.6 MB). Loaded Objects now: 5151.
Memory consumption went from 114.4 MB to 112.9 MB.
Total: 9.831900 ms (FindLiveObjects: 0.739100 ms CreateObjectMapping: 0.941200 ms MarkObjects: 6.335500 ms  DeleteObjects: 1.814300 ms)

========================================================================
Received Import Request.
  Time since last request: 27063.433355 seconds.
  path: Assets/1/1.4/1.4.txt
  artifactKey: Guid(f3c16d816de037c4f8641701256914ef) Importer(815301076,1909f56bfc062723c751e8b465ee728b)
Start importing Assets/1/1.4/1.4.txt using Guid(f3c16d816de037c4f8641701256914ef) Importer(815301076,1909f56bfc062723c751e8b465ee728b) (PreviewImporter) -> (artifact id: 'beede53ff91c7ee94af313ac5bfd18f2') in 0.0242615 seconds
Number of updated asset objects reloaded before import = 0Number of asset objects unloaded after import = 1

========================================================================
Received Import Request.
  Time since last request: 10.196253 seconds.
  path: Assets/2/2.1/2.1.txt
  artifactKey: Guid(e1a394b98eed6924eb6f30d4bab14010) Importer(815301076,1909f56bfc062723c751e8b465ee728b)
Start importing Assets/2/2.1/2.1.txt using Guid(e1a394b98eed6924eb6f30d4bab14010) Importer(815301076,1909f56bfc062723c751e8b465ee728b) (PreviewImporter) -> (artifact id: 'ba7035263f1133d6e0741979926a6f46') in 0.0011039 seconds
Number of updated asset objects reloaded before import = 0Number of asset objects unloaded after import = 1

========================================================================
Received Import Request.
  Time since last request: 8019.089788 seconds.
  path: Assets/2/2.1/2.1.txt
  artifactKey: Guid(e1a394b98eed6924eb6f30d4bab14010) Importer(815301076,1909f56bfc062723c751e8b465ee728b)
Start importing Assets/2/2.1/2.1.txt using Guid(e1a394b98eed6924eb6f30d4bab14010) Importer(815301076,1909f56bfc062723c751e8b465ee728b) (PreviewImporter) -> (artifact id: '81029c319940677ffa9ee7fc623c0cd9') in 0.0159367 seconds
Number of updated asset objects reloaded before import = 0Number of asset objects unloaded after import = 1

========================================================================
Received Import Request.
  Time since last request: 591.774453 seconds.
  path: Assets/2/2.2/2.2.txt
  artifactKey: Guid(74804975d837c124087d17b62cbf5b3c) Importer(815301076,1909f56bfc062723c751e8b465ee728b)
Start importing Assets/2/2.2/2.2.txt using Guid(74804975d837c124087d17b62cbf5b3c) Importer(815301076,1909f56bfc062723c751e8b465ee728b) (PreviewImporter) -> (artifact id: 'bfc8a8e845b15035c4a4babc64af27e5') in 0.0021676 seconds
Number of updated asset objects reloaded before import = 0Number of asset objects unloaded after import = 1

========================================================================
Received Import Request.
  Time since last request: 1151.420623 seconds.
  path: Assets/2/2.2/2.2.txt
  artifactKey: Guid(74804975d837c124087d17b62cbf5b3c) Importer(815301076,1909f56bfc062723c751e8b465ee728b)
Start importing Assets/2/2.2/2.2.txt using Guid(74804975d837c124087d17b62cbf5b3c) Importer(815301076,1909f56bfc062723c751e8b465ee728b) (PreviewImporter) -> (artifact id: 'f0202b6371f41fc06156847338c5df46') in 0.001747 seconds
Number of updated asset objects reloaded before import = 0Number of asset objects unloaded after import = 1

========================================================================
Received Import Request.
  Time since last request: 91.756351 seconds.
  path: Assets/4/4.1/4.1.txt
  artifactKey: Guid(aa893e1b23d826d408f4a4abd69ab68e) Importer(815301076,1909f56bfc062723c751e8b465ee728b)
Start importing Assets/4/4.1/4.1.txt using Guid(aa893e1b23d826d408f4a4abd69ab68e) Importer(815301076,1909f56bfc062723c751e8b465ee728b) (PreviewImporter) -> (artifact id: 'bf060a9088a0733cf4f754c461958893') in 0.0019147 seconds
Number of updated asset objects reloaded before import = 0Number of asset objects unloaded after import = 1

========================================================================
Received Import Request.
  Time since last request: 1112.821797 seconds.
  path: Assets/4/4.1/4.1.txt
  artifactKey: Guid(aa893e1b23d826d408f4a4abd69ab68e) Importer(815301076,1909f56bfc062723c751e8b465ee728b)
Start importing Assets/4/4.1/4.1.txt using Guid(aa893e1b23d826d408f4a4abd69ab68e) Importer(815301076,1909f56bfc062723c751e8b465ee728b) (PreviewImporter) -> (artifact id: '315636c9520d631e66fddaa60345bc8d') in 0.0017137 seconds
Number of updated asset objects reloaded before import = 0Number of asset objects unloaded after import = 1

========================================================================
Received Import Request.
  Time since last request: 752.373731 seconds.
  path: Assets/4/4.1/4.1.txt
  artifactKey: Guid(aa893e1b23d826d408f4a4abd69ab68e) Importer(815301076,1909f56bfc062723c751e8b465ee728b)
Start importing Assets/4/4.1/4.1.txt using Guid(aa893e1b23d826d408f4a4abd69ab68e) Importer(815301076,1909f56bfc062723c751e8b465ee728b) (PreviewImporter) -> (artifact id: '203db6404176199cbc39545d89e96a1a') in 0.0014635 seconds
Number of updated asset objects reloaded before import = 0Number of asset objects unloaded after import = 1

========================================================================
Received Import Request.
  Time since last request: 14.298303 seconds.
  path: Assets/3/3.1/3.1.txt
  artifactKey: Guid(1fa39911c56bde2408d90080af36fdd1) Importer(815301076,1909f56bfc062723c751e8b465ee728b)
Start importing Assets/3/3.1/3.1.txt using Guid(1fa39911c56bde2408d90080af36fdd1) Importer(815301076,1909f56bfc062723c751e8b465ee728b) (PreviewImporter) -> (artifact id: '81174ae5ea6b88403f130f8521cbcf48') in 0.0014354 seconds
Number of updated asset objects reloaded before import = 0Number of asset objects unloaded after import = 1

========================================================================
Received Import Request.
  Time since last request: 1271.998179 seconds.
  path: Assets/3/3.1/3.1.txt
  artifactKey: Guid(1fa39911c56bde2408d90080af36fdd1) Importer(815301076,1909f56bfc062723c751e8b465ee728b)
Start importing Assets/3/3.1/3.1.txt using Guid(1fa39911c56bde2408d90080af36fdd1) Importer(815301076,1909f56bfc062723c751e8b465ee728b) (PreviewImporter) -> (artifact id: '100099bb2350cd45a175ba2b0d854021') in 0.0014485 seconds
Number of updated asset objects reloaded before import = 0Number of asset objects unloaded after import = 1

========================================================================
Received Import Request.
  Time since last request: 4.222874 seconds.
  path: Assets/3/3.2/3.2.txt
  artifactKey: Guid(7550c80ef39c4e548baaea06cce28335) Importer(815301076,1909f56bfc062723c751e8b465ee728b)
Start importing Assets/3/3.2/3.2.txt using Guid(7550c80ef39c4e548baaea06cce28335) Importer(815301076,1909f56bfc062723c751e8b465ee728b) (PreviewImporter) -> (artifact id: '141a62eb6a8beea2c5f9e80cb9cd9ce7') in 0.0015485 seconds
Number of updated asset objects reloaded before import = 0Number of asset objects unloaded after import = 1

========================================================================
Received Import Request.
  Time since last request: 58.017207 seconds.
  path: Assets/3/3.1/3.1.txt
  artifactKey: Guid(1fa39911c56bde2408d90080af36fdd1) Importer(815301076,1909f56bfc062723c751e8b465ee728b)
Start importing Assets/3/3.1/3.1.txt using Guid(1fa39911c56bde2408d90080af36fdd1) Importer(815301076,1909f56bfc062723c751e8b465ee728b) (PreviewImporter) -> (artifact id: '72820ef149f3fbd97b7d10da959345d2') in 0.0009462 seconds
Number of updated asset objects reloaded before import = 0Number of asset objects unloaded after import = 1

========================================================================
Received Import Request.
  Time since last request: 3188.249812 seconds.
  path: Assets/4/4.2/4.2.txt
  artifactKey: Guid(d2199132c47d95c41acecd74ba263873) Importer(815301076,1909f56bfc062723c751e8b465ee728b)
Start importing Assets/4/4.2/4.2.txt using Guid(d2199132c47d95c41acecd74ba263873) Importer(815301076,1909f56bfc062723c751e8b465ee728b) (PreviewImporter) -> (artifact id: 'a0894f6f1ba3384d41733aa1f15145b5') in 0.0133705 seconds
Number of updated asset objects reloaded before import = 0Number of asset objects unloaded after import = 1

========================================================================
Received Import Request.
  Time since last request: 1295.147733 seconds.
  path: Assets/4/4.2/4.2.txt
  artifactKey: Guid(d2199132c47d95c41acecd74ba263873) Importer(815301076,1909f56bfc062723c751e8b465ee728b)
Start importing Assets/4/4.2/4.2.txt using Guid(d2199132c47d95c41acecd74ba263873) Importer(815301076,1909f56bfc062723c751e8b465ee728b) (PreviewImporter) -> (artifact id: '4e15f3ac6ac20045da23b23e85b21783') in 0.0017546 seconds
Number of updated asset objects reloaded before import = 0Number of asset objects unloaded after import = 1

========================================================================
Received Import Request.
  Time since last request: 20.139692 seconds.
  path: Assets/3/3.2/3.2.txt
  artifactKey: Guid(7550c80ef39c4e548baaea06cce28335) Importer(815301076,1909f56bfc062723c751e8b465ee728b)
Start importing Assets/3/3.2/3.2.txt using Guid(7550c80ef39c4e548baaea06cce28335) Importer(815301076,1909f56bfc062723c751e8b465ee728b) (PreviewImporter) -> (artifact id: 'ba8a1b00aef2d33b3b82c69818188fb0') in 0.0068189 seconds
Number of updated asset objects reloaded before import = 0Number of asset objects unloaded after import = 1

========================================================================
Received Import Request.
  Time since last request: 930.933376 seconds.
  path: Assets/3/3.2/3.2.txt
  artifactKey: Guid(7550c80ef39c4e548baaea06cce28335) Importer(815301076,1909f56bfc062723c751e8b465ee728b)
Start importing Assets/3/3.2/3.2.txt using Guid(7550c80ef39c4e548baaea06cce28335) Importer(815301076,1909f56bfc062723c751e8b465ee728b) (PreviewImporter) -> (artifact id: '8562e148e07bad9f2efef14b3202566c') in 0.0017644 seconds
Number of updated asset objects reloaded before import = 0Number of asset objects unloaded after import = 1

